2025-01-09 04:42:38,750 P28291 INFO Data loaded successfully!
2025-01-09 04:42:38,760 P28291 INFO Using GPU...
2025-01-09 04:43:06,560 P28291 INFO Epoch 1/30, training loss: 0.47133 [27.31s]
2025-01-09 04:43:32,206 P28291 INFO Epoch 2/30, training loss: 0.39112 [25.65s]
2025-01-09 04:45:00,166 P28291 INFO Test -- loss: 0.4037, F1: 0.7279, Rec: 0.6403, Pre: 0.8432, My_metric: 0.3863, Avg_top: 14.8845, A@1: 0.8607, A@3: 0.9764, rootcause_avg_diff: 0.0000, normal_avg_diff: -0.0002
2025-01-09 04:45:23,580 P28291 INFO Epoch 3/30, training loss: 0.36576 [23.40s]
2025-01-09 04:45:46,867 P28291 INFO Epoch 4/30, training loss: 0.33907 [23.29s]
2025-01-09 04:46:10,153 P28291 INFO Epoch 5/30, training loss: 0.31947 [23.29s]
2025-01-09 04:47:53,890 P28291 INFO Test -- loss: 0.3458, F1: 0.7976, Rec: 0.7613, Pre: 0.8375, My_metric: 0.3548, Avg_top: 15.7590, A@1: 0.4591, A@3: 0.8142, rootcause_avg_diff: 0.0023, normal_avg_diff: 0.0003
2025-01-09 04:48:18,005 P28291 INFO Epoch 6/30, training loss: 0.30442 [24.10s]
2025-01-09 04:48:41,544 P28291 INFO Epoch 7/30, training loss: 0.29250 [23.54s]
2025-01-09 04:49:05,677 P28291 INFO Epoch 8/30, training loss: 0.27572 [24.13s]
2025-01-09 04:51:08,486 P28291 INFO Test -- loss: 0.3289, F1: 0.8110, Rec: 0.8355, Pre: 0.7879, My_metric: 0.3591, Avg_top: 15.8134, A@1: 0.4004, A@3: 0.7857, rootcause_avg_diff: 0.0032, normal_avg_diff: 0.0012
2025-01-09 04:51:32,878 P28291 INFO Epoch 9/30, training loss: 0.26435 [24.38s]
2025-01-09 04:51:57,358 P28291 INFO Epoch 10/30, training loss: 0.26006 [24.48s]
2025-01-09 04:52:22,099 P28291 INFO Epoch 11/30, training loss: 0.26049 [24.74s]
2025-01-09 04:55:05,950 P28291 INFO Test -- loss: 0.4241, F1: 0.7005, Rec: 0.8486, Pre: 0.5964, My_metric: 0.3699, Avg_top: 15.5418, A@1: 0.3498, A@3: 0.7213, rootcause_avg_diff: 0.0057, normal_avg_diff: 0.0026
2025-01-09 04:55:30,674 P28291 INFO Epoch 12/30, training loss: 0.25626 [24.72s]
2025-01-09 04:55:54,252 P28291 INFO Epoch 13/30, training loss: 0.24651 [23.58s]
2025-01-09 04:56:17,318 P28291 INFO Epoch 14/30, training loss: 0.24233 [23.07s]
2025-01-09 04:58:25,183 P28291 INFO Test -- loss: 0.2990, F1: 0.8382, Rec: 0.8751, Pre: 0.8042, My_metric: 0.3532, Avg_top: 15.4163, A@1: 0.4098, A@3: 0.7004, rootcause_avg_diff: 0.0080, normal_avg_diff: 0.0025
2025-01-09 04:58:48,377 P28291 INFO Epoch 15/30, training loss: 0.23657 [23.18s]
2025-01-09 04:59:12,283 P28291 INFO Epoch 16/30, training loss: 0.22858 [23.91s]
2025-01-09 04:59:36,290 P28291 INFO Epoch 17/30, training loss: 0.21871 [24.01s]
2025-01-09 05:01:53,023 P28291 INFO Test -- loss: 0.3246, F1: 0.8169, Rec: 0.8965, Pre: 0.7503, My_metric: 0.3165, Avg_top: 16.0801, A@1: 0.2915, A@3: 0.6131, rootcause_avg_diff: 0.0005, normal_avg_diff: 0.0041
2025-01-09 05:02:17,031 P28291 INFO Epoch 18/30, training loss: 0.22162 [24.00s]
2025-01-09 05:02:41,885 P28291 INFO Epoch 19/30, training loss: 0.21209 [24.85s]
2025-01-09 05:03:09,223 P28291 INFO Epoch 20/30, training loss: 0.21287 [27.34s]
2025-01-09 05:06:05,416 P28291 INFO Test -- loss: 0.4740, F1: 0.7344, Rec: 0.9515, Pre: 0.5980, My_metric: 0.3250, Avg_top: 16.0236, A@1: 0.2908, A@3: 0.6074, rootcause_avg_diff: 0.0009, normal_avg_diff: 0.0042
2025-01-09 05:06:29,179 P28291 INFO Epoch 21/30, training loss: 0.20539 [23.76s]
2025-01-09 05:06:53,534 P28291 INFO Epoch 22/30, training loss: 0.20565 [24.35s]
2025-01-09 05:07:17,955 P28291 INFO Epoch 23/30, training loss: 0.21091 [24.42s]
2025-01-09 05:09:48,205 P28291 INFO Test -- loss: 0.3309, F1: 0.8066, Rec: 0.9222, Pre: 0.7167, My_metric: 0.3041, Avg_top: 16.2246, A@1: 0.3603, A@3: 0.6748, rootcause_avg_diff: 0.0018, normal_avg_diff: 0.0043
2025-01-09 05:10:11,408 P28291 INFO Epoch 24/30, training loss: 0.19705 [23.20s]
