2024-10-10 01:24:00,246 P101226 INFO Data loaded successfully!
2024-10-10 01:24:00,256 P101226 INFO Using GPU...
2024-10-10 01:24:26,850 P101226 INFO Epoch 1/10, training loss: 0.45793 [26.10s]
2024-10-10 01:25:56,421 P101226 INFO Test -- loss: 0.3766, F1: 0.7433, Rec: 0.6754, Pre: 0.8264, My_metric: 0.5439, Avg_top: 10.5507, A@1: 0.9644, A@3: 0.9948
2024-10-10 01:26:18,879 P101226 INFO Epoch 2/10, training loss: 0.40480 [22.45s]
2024-10-10 01:27:39,585 P101226 INFO Test -- loss: 0.4144, F1: 0.7094, Rec: 0.6098, Pre: 0.8478, My_metric: 0.5026, Avg_top: 11.5560, A@1: 0.9929, A@3: 0.9990
2024-10-10 01:28:01,276 P101226 INFO Epoch 3/10, training loss: 0.39018 [21.68s]
2024-10-10 01:29:26,528 P101226 INFO Test -- loss: 0.3824, F1: 0.7372, Rec: 0.6407, Pre: 0.8679, My_metric: 0.5506, Avg_top: 10.5783, A@1: 0.9702, A@3: 0.9961
2024-10-10 01:29:50,126 P101226 INFO Epoch 4/10, training loss: 0.36564 [23.59s]
2024-10-10 01:31:15,741 P101226 INFO Test -- loss: 0.3626, F1: 0.7495, Rec: 0.6654, Pre: 0.8580, My_metric: 0.5504, Avg_top: 10.6723, A@1: 0.9626, A@3: 0.9972
2024-10-10 01:31:37,462 P101226 INFO Epoch 5/10, training loss: 0.36419 [21.72s]
2024-10-10 01:32:58,837 P101226 INFO Test -- loss: 0.3692, F1: 0.7542, Rec: 0.6667, Pre: 0.8682, My_metric: 0.4826, Avg_top: 12.4404, A@1: 0.9151, A@3: 0.9916
2024-10-10 01:33:20,532 P101226 INFO Epoch 6/10, training loss: 0.35196 [21.69s]
2024-10-10 01:34:39,344 P101226 INFO Test -- loss: 0.4013, F1: 0.7377, Rec: 0.6422, Pre: 0.8665, My_metric: 0.5265, Avg_top: 11.0891, A@1: 0.9680, A@3: 0.9974
2024-10-10 01:35:01,037 P101226 INFO Epoch 7/10, training loss: 0.34783 [21.69s]
2024-10-10 01:36:18,062 P101226 INFO Test -- loss: 0.4171, F1: 0.7260, Rec: 0.6163, Pre: 0.8832, My_metric: 0.5007, Avg_top: 11.8769, A@1: 0.9556, A@3: 0.9818
2024-10-10 01:36:39,020 P101226 INFO Epoch 8/10, training loss: 0.35022 [20.95s]
2024-10-10 01:38:11,795 P101226 INFO Test -- loss: 0.3380, F1: 0.7776, Rec: 0.7150, Pre: 0.8522, My_metric: 0.5132, Avg_top: 11.9046, A@1: 0.9104, A@3: 0.9724
2024-10-10 01:38:36,625 P101226 INFO Epoch 9/10, training loss: 0.32958 [24.82s]
2024-10-10 01:40:16,602 P101226 INFO Test -- loss: 0.3656, F1: 0.7754, Rec: 0.7138, Pre: 0.8488, My_metric: 0.4952, Avg_top: 12.1600, A@1: 0.9166, A@3: 0.9265
2024-10-10 01:40:39,857 P101226 INFO Epoch 10/10, training loss: 0.33222 [23.25s]
2024-10-10 01:42:18,600 P101226 INFO Test -- loss: 0.3323, F1: 0.7928, Rec: 0.7337, Pre: 0.8623, My_metric: 0.5173, Avg_top: 11.8156, A@1: 0.8603, A@3: 0.9590
2024-10-10 01:42:18,605 P101226 INFO Unable to convergence!
2024-10-10 01:42:18,606 P101226 INFO Current hash_id d07fe124
2024-10-10 01:45:48,202 P115414 INFO Data loaded successfully!
2024-10-10 01:45:48,211 P115414 INFO Using GPU...
2024-10-10 01:47:06,945 P115414 INFO Test -- loss: 0.3824, F1: 0.7372, Rec: 0.6407, Pre: 0.8679, My_metric: 0.5506, Avg_top: 10.5783, A@1: 0.9702, A@3: 0.9961
2024-10-10 01:48:27,082 P115414 INFO Test -- loss: 0.3824, F1: 0.7372, Rec: 0.6407, Pre: 0.8679, My_metric: 0.2970, Avg_top: 15.5480, A@1: 0.2969, A@3: 0.6355
