2024-10-09 06:07:27,710 P41715 INFO Data loaded successfully!
2024-10-09 06:07:27,712 P41715 INFO Using CPU...
2024-10-09 06:11:44,537 P41715 INFO Epoch 1/50, training loss: 0.49114 [256.40s]
2024-10-09 06:14:34,672 P46104 INFO Data loaded successfully!
2024-10-09 06:14:34,674 P46104 INFO Using CPU...
2024-10-09 06:24:55,509 P52213 INFO Data loaded successfully!
2024-10-09 06:24:55,511 P52213 INFO Using CPU...
2024-10-09 06:35:12,071 P58126 INFO Data loaded successfully!
2024-10-09 06:35:12,073 P58126 INFO Using CPU...
2024-10-09 06:50:18,239 P66326 INFO Data loaded successfully!
2024-10-09 06:50:18,241 P66326 INFO Using CPU...
2024-10-09 06:53:38,854 P66326 INFO Test -- loss: 0.3259, F1: 0.8167, Rec: 0.8278, Pre: 0.8058, My metric: 0.4806
2024-10-09 07:15:22,885 P80074 INFO Data loaded successfully!
2024-10-09 07:15:22,887 P80074 INFO Using CPU...
2024-10-09 07:18:46,245 P80074 INFO Test -- loss: 0.3259, F1: 0.8167, Rec: 0.8278, Pre: 0.8058, My metric: 0.3293
2024-10-09 07:21:57,026 P80074 INFO Test -- loss: 0.3259, F1: 0.8167, Rec: 0.8278, Pre: 0.8058, My metric: 0.3281
2024-10-09 07:24:46,664 P86018 INFO Data loaded successfully!
2024-10-09 07:24:46,666 P86018 INFO Using CPU...
2024-10-09 07:27:58,382 P562 INFO Data loaded successfully!
2024-10-09 07:27:58,403 P562 INFO Using GPU...
2024-10-09 07:29:45,840 P562 INFO Test -- loss: 0.3259, F1: 0.8167, Rec: 0.8278, Pre: 0.8058, My metric: 0.4794
2024-10-09 07:31:28,833 P562 INFO Test -- loss: 0.3259, F1: 0.8167, Rec: 0.8278, Pre: 0.8058, My metric: 0.4794
2024-10-09 07:32:20,642 P3442 INFO Data loaded successfully!
2024-10-09 07:32:20,650 P3442 INFO Using GPU...
2024-10-09 07:34:50,241 P3442 INFO Test -- loss: 0.3259, F1: 0.8167, Rec: 0.8278, Pre: 0.8058, My metric: 0.3099
2024-10-09 07:37:11,505 P3442 INFO Test -- loss: 0.3259, F1: 0.8167, Rec: 0.8278, Pre: 0.8058, My metric: 0.3306
2024-10-09 07:38:22,175 P7386 INFO Data loaded successfully!
2024-10-09 07:38:22,184 P7386 INFO Using GPU...
2024-10-09 13:43:40,660 P198360 INFO Data loaded successfully!
2024-10-09 13:43:40,668 P198360 INFO Using GPU...
2024-10-09 14:28:35,607 P222735 INFO Data loaded successfully!
2024-10-09 14:28:35,617 P222735 INFO Using GPU...
2024-10-09 14:31:44,100 P224434 INFO Data loaded successfully!
2024-10-09 14:31:44,109 P224434 INFO Using GPU...
2024-10-09 14:32:33,172 P224955 INFO Data loaded successfully!
2024-10-09 14:32:33,180 P224955 INFO Using GPU...
2024-10-09 14:35:01,929 P224955 INFO Test -- loss: 0.3259, F1: 0.8167, Rec: 0.8278, Pre: 0.8058, My metric: 0.3258
2024-10-09 14:37:22,500 P224955 INFO Test -- loss: 0.3259, F1: 0.8167, Rec: 0.8278, Pre: 0.8058, My metric: 0.3300
2024-10-09 14:40:28,507 P229874 INFO Data loaded successfully!
2024-10-09 14:40:28,517 P229874 INFO Using GPU...
2024-10-09 14:42:54,589 P229874 INFO Test -- loss: 0.3259, F1: 0.8167, Rec: 0.8278, Pre: 0.8058, My metric: 0.3099
2024-10-09 14:45:13,073 P229874 INFO Test -- loss: 0.3259, F1: 0.8167, Rec: 0.8278, Pre: 0.8058, My metric: 0.3323
