2024-09-05 00:52:21,670 P2003307 INFO Data loaded successfully!
2024-09-05 00:52:21,672 P2003307 INFO Using CPU...
2024-09-05 01:14:06,551 P2026794 INFO Data loaded successfully!
2024-09-05 01:14:06,553 P2026794 INFO Using CPU...
2024-09-05 01:20:20,541 P1221 INFO Data loaded successfully!
2024-09-05 01:20:20,551 P1221 INFO Using GPU...
2024-09-05 01:44:33,870 P14780 INFO Data loaded successfully!
2024-09-05 01:44:33,879 P14780 INFO Using GPU...
2024-09-05 01:44:58,758 P14780 INFO Epoch 1/50, training loss: 0.48762 [24.40s]
2024-09-05 02:09:14,305 P14780 INFO Test -- loss: 0.4564, F1: 0.7046, Rec: 0.5986, Pre: 0.8562, Mymetric: 0.5229, Random_Mymetric: 0.2901
2024-09-05 02:09:36,162 P14780 INFO Epoch 2/50, training loss: 0.40385 [21.85s]
2024-09-05 02:33:34,100 P14780 INFO Test -- loss: 0.3946, F1: 0.7261, Rec: 0.6432, Pre: 0.8337, Mymetric: 0.5313, Random_Mymetric: 0.2978
2024-09-05 02:33:53,634 P14780 INFO Epoch 3/50, training loss: 0.39185 [19.52s]
2024-09-05 02:58:00,073 P14780 INFO Test -- loss: 0.3564, F1: 0.7376, Rec: 0.6648, Pre: 0.8282, Mymetric: 0.5179, Random_Mymetric: 0.3060
2024-09-05 02:58:19,580 P14780 INFO Epoch 4/50, training loss: 0.38201 [19.50s]
2024-09-05 03:22:20,508 P14780 INFO Test -- loss: 0.4225, F1: 0.7247, Rec: 0.6394, Pre: 0.8363, Mymetric: 0.5068, Random_Mymetric: 0.2959
2024-09-05 03:22:40,013 P14780 INFO Epoch 5/50, training loss: 0.36760 [19.50s]
2024-09-05 03:47:44,433 P14780 INFO Test -- loss: 0.3638, F1: 0.7494, Rec: 0.6810, Pre: 0.8331, Mymetric: 0.5186, Random_Mymetric: 0.3101
2024-09-05 03:48:03,976 P14780 INFO Epoch 6/50, training loss: 0.35089 [19.54s]
2024-09-05 04:13:38,408 P14780 INFO Test -- loss: 0.3632, F1: 0.7578, Rec: 0.6788, Pre: 0.8574, Mymetric: 0.5335, Random_Mymetric: 0.3100
2024-09-05 04:14:00,057 P14780 INFO Epoch 7/50, training loss: 0.34457 [21.64s]
2024-09-05 04:37:57,194 P14780 INFO Test -- loss: 0.3771, F1: 0.7373, Rec: 0.6288, Pre: 0.8912, Mymetric: 0.5485, Random_Mymetric: 0.2996
2024-09-05 04:38:18,890 P14780 INFO Epoch 8/50, training loss: 0.33243 [21.68s]
2024-09-05 05:03:39,962 P14780 INFO Test -- loss: 0.4254, F1: 0.7367, Rec: 0.6317, Pre: 0.8834, Mymetric: 0.5706, Random_Mymetric: 0.2982
2024-09-05 05:04:00,523 P14780 INFO Epoch 9/50, training loss: 0.32705 [20.55s]
2024-09-05 05:28:14,197 P14780 INFO Test -- loss: 0.3643, F1: 0.7643, Rec: 0.6646, Pre: 0.8993, Mymetric: 0.5600, Random_Mymetric: 0.3076
2024-09-05 05:28:33,734 P14780 INFO Epoch 10/50, training loss: 0.32289 [19.53s]
2024-09-05 05:51:39,314 P14780 INFO Test -- loss: 0.3631, F1: 0.7421, Rec: 0.6317, Pre: 0.8992, Mymetric: 0.5508, Random_Mymetric: 0.3011
2024-09-05 05:51:58,825 P14780 INFO Epoch 11/50, training loss: 0.31760 [19.50s]
2024-09-05 06:14:07,148 P14780 INFO Test -- loss: 0.4493, F1: 0.6616, Rec: 0.5206, Pre: 0.9075, Mymetric: 0.5302, Random_Mymetric: 0.2789
2024-09-05 06:14:26,847 P14780 INFO Epoch 12/50, training loss: 0.31610 [19.69s]
2024-09-05 06:40:39,181 P14780 INFO Test -- loss: 0.2981, F1: 0.8126, Rec: 0.7762, Pre: 0.8525, Mymetric: 0.5136, Random_Mymetric: 0.3253
2024-09-05 06:40:58,832 P14780 INFO Epoch 13/50, training loss: 0.30980 [19.65s]
2024-09-05 07:05:48,518 P14780 INFO Test -- loss: 0.3663, F1: 0.7669, Rec: 0.6786, Pre: 0.8815, Mymetric: 0.5111, Random_Mymetric: 0.3053
2024-09-05 07:06:08,095 P14780 INFO Epoch 14/50, training loss: 0.30506 [19.57s]
2024-09-05 07:31:03,259 P14780 INFO Test -- loss: 0.3174, F1: 0.8070, Rec: 0.7435, Pre: 0.8824, Mymetric: 0.5219, Random_Mymetric: 0.3166
2024-09-05 07:31:22,706 P14780 INFO Epoch 15/50, training loss: 0.30270 [19.44s]
2024-09-05 07:53:18,113 P14780 INFO Test -- loss: 0.4469, F1: 0.6699, Rec: 0.5310, Pre: 0.9072, Mymetric: 0.5347, Random_Mymetric: 0.3045
2024-09-05 07:53:37,698 P14780 INFO Epoch 16/50, training loss: 0.28932 [19.58s]
2024-09-05 08:18:21,577 P14780 INFO Test -- loss: 0.3347, F1: 0.7831, Rec: 0.7020, Pre: 0.8855, Mymetric: 0.5207, Random_Mymetric: 0.3171
2024-09-05 08:18:41,080 P14780 INFO Epoch 17/50, training loss: 0.30252 [19.50s]
2024-09-05 08:41:16,896 P14780 INFO Test -- loss: 0.4320, F1: 0.7232, Rec: 0.6022, Pre: 0.9050, Mymetric: 0.5537, Random_Mymetric: 0.3049
2024-09-05 08:41:36,598 P14780 INFO Epoch 18/50, training loss: 0.28501 [19.70s]
2024-09-05 09:06:29,925 P14780 INFO Test -- loss: 0.3124, F1: 0.7992, Rec: 0.7219, Pre: 0.8951, Mymetric: 0.5229, Random_Mymetric: 0.3159
2024-09-05 09:06:49,464 P14780 INFO Epoch 19/50, training loss: 0.28167 [19.53s]
2024-09-05 09:30:01,602 P14780 INFO Test -- loss: 0.3337, F1: 0.7599, Rec: 0.6513, Pre: 0.9121, Mymetric: 0.5218, Random_Mymetric: 0.3106
2024-09-05 09:30:21,078 P14780 INFO Epoch 20/50, training loss: 0.27455 [19.47s]
2024-09-05 09:54:47,022 P14780 INFO Test -- loss: 0.2982, F1: 0.7974, Rec: 0.7240, Pre: 0.8874, Mymetric: 0.5228, Random_Mymetric: 0.3188
2024-09-05 09:55:06,545 P14780 INFO Epoch 21/50, training loss: 0.27532 [19.52s]
2024-09-05 10:19:46,966 P14780 INFO Test -- loss: 0.3338, F1: 0.7806, Rec: 0.6846, Pre: 0.9080, Mymetric: 0.5551, Random_Mymetric: 0.3127
2024-09-05 10:20:06,621 P14780 INFO Epoch 22/50, training loss: 0.27919 [19.65s]
2024-09-05 10:44:55,854 P14780 INFO Test -- loss: 0.3203, F1: 0.7895, Rec: 0.7200, Pre: 0.8738, Mymetric: 0.5457, Random_Mymetric: 0.3155
2024-09-05 10:45:15,464 P14780 INFO Epoch 23/50, training loss: 0.27780 [19.60s]
2024-09-05 11:10:29,881 P14780 INFO Test -- loss: 0.3216, F1: 0.7804, Rec: 0.7051, Pre: 0.8736, Mymetric: 0.5204, Random_Mymetric: 0.3108
2024-09-05 11:10:49,502 P14780 INFO Epoch 24/50, training loss: 0.26542 [19.61s]
2024-09-05 11:35:18,374 P14780 INFO Test -- loss: 0.3251, F1: 0.7974, Rec: 0.7263, Pre: 0.8838, Mymetric: 0.5065, Random_Mymetric: 0.3237
2024-09-05 11:35:38,123 P14780 INFO Epoch 25/50, training loss: 0.26001 [19.74s]
2024-09-05 12:00:26,673 P14780 INFO Test -- loss: 0.3171, F1: 0.7986, Rec: 0.7312, Pre: 0.8796, Mymetric: 0.5246, Random_Mymetric: 0.3164
2024-09-05 12:00:46,275 P14780 INFO Epoch 26/50, training loss: 0.26139 [19.60s]
2024-09-05 12:27:55,032 P14780 INFO Test -- loss: 0.2999, F1: 0.8247, Rec: 0.8046, Pre: 0.8459, Mymetric: 0.5094, Random_Mymetric: 0.3248
2024-09-05 12:28:14,634 P14780 INFO Epoch 27/50, training loss: 0.25575 [19.60s]
2024-09-05 12:53:45,914 P14780 INFO Test -- loss: 0.3251, F1: 0.8068, Rec: 0.7700, Pre: 0.8473, Mymetric: 0.5178, Random_Mymetric: 0.3227
2024-09-05 12:54:05,627 P14780 INFO Epoch 28/50, training loss: 0.25270 [19.71s]
2024-09-05 13:19:12,544 P14780 INFO Test -- loss: 0.3140, F1: 0.8109, Rec: 0.7609, Pre: 0.8679, Mymetric: 0.5228, Random_Mymetric: 0.3289
2024-09-05 13:19:32,222 P14780 INFO Epoch 29/50, training loss: 0.24837 [19.67s]
2024-09-05 13:45:32,051 P14780 INFO Test -- loss: 0.3242, F1: 0.8137, Rec: 0.7713, Pre: 0.8610, Mymetric: 0.5378, Random_Mymetric: 0.3299
2024-09-05 13:45:51,616 P14780 INFO Epoch 30/50, training loss: 0.25291 [19.56s]
2024-09-05 14:10:31,205 P14780 INFO Test -- loss: 0.3512, F1: 0.7663, Rec: 0.7034, Pre: 0.8414, Mymetric: 0.5408, Random_Mymetric: 0.3149
2024-09-05 14:10:51,005 P14780 INFO Epoch 31/50, training loss: 0.24297 [19.79s]
2024-09-05 14:35:14,003 P14780 INFO Test -- loss: 0.3611, F1: 0.7799, Rec: 0.7066, Pre: 0.8702, Mymetric: 0.5213, Random_Mymetric: 0.3181
2024-09-05 14:35:33,426 P14780 INFO Epoch 32/50, training loss: 0.23869 [19.42s]
2024-09-05 15:02:58,879 P14780 INFO Test -- loss: 0.3521, F1: 0.8173, Rec: 0.8464, Pre: 0.7901, Mymetric: 0.4755, Random_Mymetric: 0.3282
2024-09-05 15:03:18,507 P14780 INFO Epoch 33/50, training loss: 0.23971 [19.62s]
2024-09-05 15:29:15,016 P14780 INFO Test -- loss: 0.3498, F1: 0.7918, Rec: 0.7700, Pre: 0.8148, Mymetric: 0.5437, Random_Mymetric: 0.3284
2024-09-05 15:29:34,548 P14780 INFO Epoch 34/50, training loss: 0.23809 [19.53s]
2024-09-05 15:55:38,731 P14780 INFO Test -- loss: 0.3644, F1: 0.7828, Rec: 0.7639, Pre: 0.8027, Mymetric: 0.5071, Random_Mymetric: 0.3234
2024-09-05 15:55:58,335 P14780 INFO Epoch 35/50, training loss: 0.23541 [19.60s]
2024-09-05 16:22:03,308 P14780 INFO Test -- loss: 0.3518, F1: 0.8044, Rec: 0.7978, Pre: 0.8111, Mymetric: 0.5187, Random_Mymetric: 0.3278
2024-09-05 16:22:22,745 P14780 INFO Epoch 36/50, training loss: 0.23858 [19.43s]
2024-09-05 16:48:43,474 P14780 INFO Test -- loss: 0.3657, F1: 0.7912, Rec: 0.7968, Pre: 0.7858, Mymetric: 0.5063, Random_Mymetric: 0.3286
2024-09-05 16:49:02,880 P14780 INFO Epoch 37/50, training loss: 0.22832 [19.40s]
2024-09-05 17:17:15,579 P14780 INFO Test -- loss: 0.4218, F1: 0.7635, Rec: 0.8252, Pre: 0.7104, Mymetric: 0.5103, Random_Mymetric: 0.3283
2024-09-05 17:17:35,057 P14780 INFO Epoch 38/50, training loss: 0.23488 [19.47s]
2024-09-05 17:44:07,375 P14780 INFO Test -- loss: 0.3234, F1: 0.8144, Rec: 0.8222, Pre: 0.8067, Mymetric: 0.5359, Random_Mymetric: 0.3327
2024-09-05 17:44:26,860 P14780 INFO Epoch 39/50, training loss: 0.23796 [19.48s]
2024-09-05 18:09:48,437 P14780 INFO Test -- loss: 0.3652, F1: 0.7802, Rec: 0.7300, Pre: 0.8378, Mymetric: 0.5263, Random_Mymetric: 0.3234
2024-09-05 18:10:07,931 P14780 INFO Epoch 40/50, training loss: 0.21893 [19.49s]
2024-09-05 18:37:33,802 P14780 INFO Test -- loss: 0.3487, F1: 0.8024, Rec: 0.8203, Pre: 0.7853, Mymetric: 0.5082, Random_Mymetric: 0.3331
2024-09-05 18:37:53,385 P14780 INFO Epoch 41/50, training loss: 0.22569 [19.58s]
2024-09-05 19:08:01,764 P14780 INFO Test -- loss: 0.4269, F1: 0.7634, Rec: 0.8555, Pre: 0.6892, Mymetric: 0.5156, Random_Mymetric: 0.3280
2024-09-05 19:08:21,250 P14780 INFO Epoch 42/50, training loss: 0.22064 [19.48s]
2024-09-05 19:34:48,373 P14780 INFO Test -- loss: 0.4219, F1: 0.7357, Rec: 0.7329, Pre: 0.7386, Mymetric: 0.4723, Random_Mymetric: 0.3366
2024-09-05 19:35:07,833 P14780 INFO Epoch 43/50, training loss: 0.22738 [19.45s]
2024-09-05 20:03:12,818 P14780 INFO Test -- loss: 0.3669, F1: 0.7768, Rec: 0.8053, Pre: 0.7503, Mymetric: 0.4883, Random_Mymetric: 0.3317
2024-09-05 20:03:32,270 P14780 INFO Epoch 44/50, training loss: 0.22573 [19.45s]
2024-09-05 20:30:19,040 P14780 INFO Test -- loss: 0.3666, F1: 0.7976, Rec: 0.8152, Pre: 0.7808, Mymetric: 0.4894, Random_Mymetric: 0.3353
2024-09-05 20:30:38,443 P14780 INFO Epoch 45/50, training loss: 0.21499 [19.40s]
2024-09-05 20:55:42,765 P14780 INFO Test -- loss: 0.4627, F1: 0.7320, Rec: 0.6962, Pre: 0.7717, Mymetric: 0.4575, Random_Mymetric: 0.3469
2024-09-05 20:56:02,248 P14780 INFO Epoch 46/50, training loss: 0.22164 [19.48s]
2024-09-05 21:23:14,786 P14780 INFO Test -- loss: 0.3852, F1: 0.7727, Rec: 0.7826, Pre: 0.7631, Mymetric: 0.4632, Random_Mymetric: 0.3313
2024-09-05 21:23:34,306 P14780 INFO Epoch 47/50, training loss: 0.21086 [19.51s]
2024-09-05 21:46:55,122 P14780 INFO Test -- loss: 0.5156, F1: 0.6961, Rec: 0.5919, Pre: 0.8449, Mymetric: 0.4515, Random_Mymetric: 0.3341
2024-09-05 21:47:14,609 P14780 INFO Epoch 48/50, training loss: 0.20942 [19.48s]
2024-09-05 22:13:09,464 P14780 INFO Test -- loss: 0.5604, F1: 0.7135, Rec: 0.6750, Pre: 0.7567, Mymetric: 0.5194, Random_Mymetric: 0.3333
2024-09-05 22:13:28,966 P14780 INFO Epoch 49/50, training loss: 0.20046 [19.50s]
2024-09-05 22:38:27,735 P14780 INFO Test -- loss: 0.5811, F1: 0.7148, Rec: 0.6491, Pre: 0.7952, Mymetric: 0.4789, Random_Mymetric: 0.3354
2024-09-05 22:38:47,260 P14780 INFO Epoch 50/50, training loss: 0.20711 [19.52s]
2024-09-05 23:03:49,288 P14780 INFO Test -- loss: 0.4343, F1: 0.7300, Rec: 0.6926, Pre: 0.7717, Mymetric: 0.4605, Random_Mymetric: 0.3389
2024-09-05 23:03:49,297 P14780 INFO * Best result got at epoch 8 with Mymetric: 0.5706
2024-09-05 23:03:49,299 P14780 INFO Current hash_id b1e80431
2024-09-06 00:52:22,703 P772741 INFO Data loaded successfully!
2024-09-06 00:52:22,705 P772741 INFO Using CPU...
2024-09-06 00:54:09,517 P773734 INFO Data loaded successfully!
2024-09-06 00:54:09,519 P773734 INFO Using CPU...
2024-09-06 00:57:18,673 P1150 INFO Data loaded successfully!
2024-09-06 00:57:18,682 P1150 INFO Using GPU...
2024-09-06 00:57:43,046 P1150 INFO Epoch 1/50, training loss: 0.47920 [23.89s]
2024-09-06 01:28:31,961 P1150 INFO Test -- loss: 0.4413, F1: 0.7429, Rec: 0.8479, Pre: 0.6610, Mymetric: 0.5241, Random_Mymetric: 0.3248
2024-09-06 01:28:51,533 P1150 INFO Epoch 2/50, training loss: 0.40485 [19.56s]
2024-09-06 01:56:02,175 P1150 INFO Test -- loss: 0.3591, F1: 0.8016, Rec: 0.8271, Pre: 0.7776, Mymetric: 0.5101, Random_Mymetric: 0.3274
2024-09-06 01:56:21,697 P1150 INFO Epoch 3/50, training loss: 0.38702 [19.52s]
2024-09-06 02:24:59,854 P1150 INFO Test -- loss: 0.3526, F1: 0.8014, Rec: 0.8755, Pre: 0.7389, Mymetric: 0.5104, Random_Mymetric: 0.3258
2024-09-06 02:25:19,375 P1150 INFO Epoch 4/50, training loss: 0.36929 [19.52s]
2024-09-06 02:56:12,852 P1150 INFO Test -- loss: 0.3824, F1: 0.7901, Rec: 0.9398, Pre: 0.6815, Mymetric: 0.4699, Random_Mymetric: 0.3365
2024-09-06 02:56:32,370 P1150 INFO Epoch 5/50, training loss: 0.35532 [19.51s]
2024-09-06 03:22:24,828 P1150 INFO Test -- loss: 0.3442, F1: 0.8024, Rec: 0.7785, Pre: 0.8279, Mymetric: 0.5240, Random_Mymetric: 0.3231
2024-09-06 03:22:44,355 P1150 INFO Epoch 6/50, training loss: 0.34074 [19.52s]
2024-09-06 03:47:29,821 P1150 INFO Test -- loss: 0.3744, F1: 0.7819, Rec: 0.7206, Pre: 0.8546, Mymetric: 0.4901, Random_Mymetric: 0.3101
2024-09-06 03:47:49,203 P1150 INFO Epoch 7/50, training loss: 0.32604 [19.38s]
2024-09-06 04:13:43,674 P1150 INFO Test -- loss: 0.3557, F1: 0.8006, Rec: 0.7724, Pre: 0.8309, Mymetric: 0.4812, Random_Mymetric: 0.3155
2024-09-06 04:14:06,684 P1150 INFO Epoch 8/50, training loss: 0.32876 [23.00s]
