2024-09-13 06:39:11,010 P91790 INFO Data loaded successfully!
2024-09-13 06:39:11,019 P91790 INFO Using GPU...
2024-09-13 06:39:36,633 P91790 INFO Epoch 1/50, training loss: 0.50234 [25.13s]
2024-09-13 06:39:58,309 P91790 INFO Epoch 2/50, training loss: 0.41337 [21.68s]
2024-09-13 06:40:19,959 P91790 INFO Epoch 3/50, training loss: 0.39025 [21.65s]
2024-09-13 06:40:41,625 P91790 INFO Epoch 4/50, training loss: 0.38116 [21.67s]
2024-09-13 06:42:38,229 P93894 INFO Data loaded successfully!
2024-09-13 06:42:38,237 P93894 INFO Using GPU...
2024-09-13 06:43:03,630 P93894 INFO Epoch 1/50, training loss: 0.49336 [24.92s]
2024-09-13 06:43:25,500 P93894 INFO Epoch 2/50, training loss: 0.40712 [21.87s]
2024-09-13 06:43:47,332 P93894 INFO Epoch 3/50, training loss: 0.37929 [21.83s]
2024-09-13 06:44:09,246 P93894 INFO Epoch 4/50, training loss: 0.36507 [21.91s]
2024-09-13 06:50:48,797 P98477 INFO Data loaded successfully!
2024-09-13 06:50:48,807 P98477 INFO Using GPU...
2024-09-13 06:51:14,831 P98477 INFO Epoch 1/50, training loss: 0.49241 [25.55s]
2024-09-13 06:51:36,782 P98477 INFO Epoch 2/50, training loss: 0.43525 [21.95s]
2024-09-13 06:51:59,089 P98477 INFO Epoch 3/50, training loss: 0.41110 [22.31s]
2024-09-13 06:52:21,230 P98477 INFO Epoch 4/50, training loss: 0.39856 [22.14s]
2024-09-13 06:55:57,798 P98477 INFO Test -- loss: 0.4271, F1: 0.7357, Rec: 0.6586, Pre: 0.8333, Metric 1: 0.9969, Metric 2: 0.3911, avg_max_score_diff: 0.6898, avg_gt_score_diff: 0.6685
2024-09-13 06:56:19,450 P98477 INFO Epoch 5/50, training loss: 0.38294 [21.64s]
2024-09-13 06:56:41,104 P98477 INFO Epoch 6/50, training loss: 0.37700 [21.65s]
2024-09-13 06:57:02,769 P98477 INFO Epoch 7/50, training loss: 0.38492 [21.67s]
2024-09-13 06:57:24,533 P98477 INFO Epoch 8/50, training loss: 0.37647 [21.76s]
2024-09-13 06:57:46,240 P98477 INFO Epoch 9/50, training loss: 0.36160 [21.71s]
2024-09-13 07:01:40,490 P98477 INFO Test -- loss: 0.3980, F1: 0.7820, Rec: 0.7247, Pre: 0.8491, Metric 1: 0.9977, Metric 2: 0.3994, avg_max_score_diff: 0.7096, avg_gt_score_diff: 0.6378
2024-09-13 07:02:00,086 P98477 INFO Epoch 10/50, training loss: 0.35781 [19.58s]
2024-09-13 07:02:19,492 P98477 INFO Epoch 11/50, training loss: 0.35644 [19.41s]
2024-09-13 07:02:38,923 P98477 INFO Epoch 12/50, training loss: 0.34810 [19.43s]
2024-09-13 07:02:58,432 P98477 INFO Epoch 13/50, training loss: 0.33198 [19.51s]
2024-09-13 07:03:17,907 P98477 INFO Epoch 14/50, training loss: 0.32655 [19.47s]
2024-09-13 07:06:35,321 P98477 INFO Test -- loss: 0.5339, F1: 0.7479, Rec: 0.6476, Pre: 0.8849, Metric 1: 0.9955, Metric 2: 0.3933, avg_max_score_diff: 0.7118, avg_gt_score_diff: 0.6905
2024-09-13 07:06:54,776 P98477 INFO Epoch 15/50, training loss: 0.32698 [19.45s]
2024-09-13 07:07:14,220 P98477 INFO Epoch 16/50, training loss: 0.31771 [19.44s]
2024-09-13 07:07:33,668 P98477 INFO Epoch 17/50, training loss: 0.30928 [19.45s]
2024-09-13 07:07:53,071 P98477 INFO Epoch 18/50, training loss: 0.30060 [19.40s]
2024-09-13 07:08:12,649 P98477 INFO Epoch 19/50, training loss: 0.30629 [19.58s]
2024-09-13 07:12:09,366 P98477 INFO Test -- loss: 0.4025, F1: 0.7979, Rec: 0.7376, Pre: 0.8690, Metric 1: 0.9969, Metric 2: 0.4047, avg_max_score_diff: 0.7031, avg_gt_score_diff: 0.6537
2024-09-13 07:12:28,927 P98477 INFO Epoch 20/50, training loss: 0.29535 [19.55s]
2024-09-13 07:12:48,459 P98477 INFO Epoch 21/50, training loss: 0.29042 [19.53s]
2024-09-13 07:13:08,121 P98477 INFO Epoch 22/50, training loss: 0.28684 [19.66s]
2024-09-13 07:13:27,711 P98477 INFO Epoch 23/50, training loss: 0.27766 [19.59s]
2024-09-13 07:13:47,364 P98477 INFO Epoch 24/50, training loss: 0.27477 [19.65s]
2024-09-13 07:18:05,944 P98477 INFO Test -- loss: 0.4291, F1: 0.8089, Rec: 0.7992, Pre: 0.8187, Metric 1: 0.9974, Metric 2: 0.4057, avg_max_score_diff: 0.6079, avg_gt_score_diff: 0.5394
2024-09-13 07:18:25,555 P98477 INFO Epoch 25/50, training loss: 0.27324 [19.60s]
2024-09-13 07:18:45,116 P98477 INFO Epoch 26/50, training loss: 0.30808 [19.56s]
2024-09-13 07:19:04,677 P98477 INFO Epoch 27/50, training loss: 0.29459 [19.56s]
2024-09-13 07:19:24,266 P98477 INFO Epoch 28/50, training loss: 0.28749 [19.59s]
2024-09-13 07:19:43,955 P98477 INFO Epoch 29/50, training loss: 0.27536 [19.69s]
2024-09-13 07:24:14,831 P98477 INFO Test -- loss: 0.3259, F1: 0.8167, Rec: 0.8278, Pre: 0.8058, Metric 1: 0.9990, Metric 2: 0.4092, avg_max_score_diff: 0.5367, avg_gt_score_diff: 0.4740
2024-09-13 07:24:34,292 P98477 INFO Epoch 30/50, training loss: 0.27180 [19.45s]
2024-09-13 07:24:53,775 P98477 INFO Epoch 31/50, training loss: 0.26680 [19.48s]
2024-09-13 07:25:13,380 P98477 INFO Epoch 32/50, training loss: 0.26417 [19.60s]
2024-09-13 07:25:32,900 P98477 INFO Epoch 33/50, training loss: 0.25914 [19.52s]
2024-09-13 07:25:52,325 P98477 INFO Epoch 34/50, training loss: 0.27041 [19.42s]
2024-09-13 07:31:52,343 P98477 INFO Test -- loss: 0.3918, F1: 0.7538, Rec: 0.8994, Pre: 0.6487, Metric 1: 0.9965, Metric 2: 0.4102, avg_max_score_diff: 0.6462, avg_gt_score_diff: 0.5249
2024-09-13 07:32:11,806 P98477 INFO Epoch 35/50, training loss: 0.26552 [19.46s]
2024-09-13 07:32:31,245 P98477 INFO Epoch 36/50, training loss: 0.25847 [19.44s]
2024-09-13 07:32:50,729 P98477 INFO Epoch 37/50, training loss: 0.26174 [19.48s]
2024-09-13 07:33:10,222 P98477 INFO Epoch 38/50, training loss: 0.25291 [19.49s]
2024-09-13 07:33:29,814 P98477 INFO Epoch 39/50, training loss: 0.25639 [19.59s]
2024-09-13 07:38:37,624 P98477 INFO Test -- loss: 0.3826, F1: 0.8108, Rec: 0.8687, Pre: 0.7601, Metric 1: 0.9921, Metric 2: 0.4058, avg_max_score_diff: 0.6681, avg_gt_score_diff: 0.5518
2024-09-13 07:38:57,041 P98477 INFO Epoch 40/50, training loss: 0.24825 [19.41s]
2024-09-13 07:39:16,477 P98477 INFO Epoch 41/50, training loss: 0.24761 [19.44s]
2024-09-13 07:39:35,947 P98477 INFO Epoch 42/50, training loss: 0.24524 [19.47s]
2024-09-13 07:39:55,393 P98477 INFO Epoch 43/50, training loss: 0.24334 [19.45s]
2024-09-13 07:40:14,886 P98477 INFO Epoch 44/50, training loss: 0.24575 [19.49s]
2024-09-13 07:45:49,859 P98477 INFO Test -- loss: 0.4645, F1: 0.7646, Rec: 0.8542, Pre: 0.6920, Metric 1: 0.9944, Metric 2: 0.4037, avg_max_score_diff: 0.6801, avg_gt_score_diff: 0.5360
2024-09-13 07:46:09,407 P98477 INFO Epoch 45/50, training loss: 0.24419 [19.54s]
2024-09-13 07:46:28,938 P98477 INFO Epoch 46/50, training loss: 0.23922 [19.53s]
2024-09-13 07:46:48,356 P98477 INFO Epoch 47/50, training loss: 0.24503 [19.42s]
2024-09-13 07:47:07,738 P98477 INFO Epoch 48/50, training loss: 0.24529 [19.38s]
2024-09-13 07:47:27,148 P98477 INFO Epoch 49/50, training loss: 0.24394 [19.41s]
2024-09-13 07:52:38,178 P98477 INFO Test -- loss: 0.4243, F1: 0.7942, Rec: 0.8679, Pre: 0.7320, Metric 1: 0.9902, Metric 2: 0.4068, avg_max_score_diff: 0.5582, avg_gt_score_diff: 0.4409
2024-09-13 07:52:57,576 P98477 INFO Epoch 50/50, training loss: 0.23259 [19.39s]
2024-10-09 06:06:20,951 P41004 INFO Data loaded successfully!
2024-10-09 06:06:20,968 P41004 INFO Using CPU...
