2024-09-06 04:18:13,864 P111301 INFO Data loaded successfully!
2024-09-06 04:18:13,873 P111301 INFO Using GPU...
2024-09-06 04:18:39,232 P111301 INFO Epoch 1/100, training loss: 0.60365 [24.87s]
2024-09-06 04:19:01,178 P111301 INFO Epoch 2/100, training loss: 0.46709 [21.95s]
2024-09-06 04:19:23,453 P111301 INFO Epoch 3/100, training loss: 0.42397 [22.27s]
2024-09-06 04:19:45,162 P111301 INFO Epoch 4/100, training loss: 0.41205 [21.71s]
2024-09-06 04:49:32,022 P111301 INFO Test -- loss: 0.4115, F1: 0.7511, Rec: 0.8034, Pre: 0.7052, Mymetric: 0.5610, Random_Mymetric: 0.3212
2024-09-06 04:49:54,271 P111301 INFO Epoch 5/100, training loss: 0.39439 [22.24s]
2024-09-06 04:50:17,235 P111301 INFO Epoch 6/100, training loss: 0.37634 [22.96s]
2024-09-06 04:50:40,935 P111301 INFO Epoch 7/100, training loss: 0.37545 [23.70s]
2024-09-06 04:51:04,384 P111301 INFO Epoch 8/100, training loss: 0.36868 [23.45s]
2024-09-06 04:51:26,872 P111301 INFO Epoch 9/100, training loss: 0.36125 [22.49s]
2024-09-06 05:16:57,197 P111301 INFO Test -- loss: 0.5345, F1: 0.7434, Rec: 0.6767, Pre: 0.8247, Mymetric: 0.6123, Random_Mymetric: 0.3011
2024-09-06 05:17:16,683 P111301 INFO Epoch 10/100, training loss: 0.36375 [19.47s]
2024-09-06 05:17:36,105 P111301 INFO Epoch 11/100, training loss: 0.35334 [19.42s]
2024-09-06 05:17:55,504 P111301 INFO Epoch 12/100, training loss: 0.35449 [19.40s]
2024-09-06 05:18:15,013 P111301 INFO Epoch 13/100, training loss: 0.34630 [19.51s]
2024-09-06 05:18:34,514 P111301 INFO Epoch 14/100, training loss: 0.34544 [19.50s]
2024-09-06 05:47:17,995 P111301 INFO Test -- loss: 0.4295, F1: 0.7962, Rec: 0.8345, Pre: 0.7612, Mymetric: 0.5803, Random_Mymetric: 0.3299
2024-09-06 05:47:40,775 P111301 INFO Epoch 15/100, training loss: 0.33627 [22.77s]
2024-09-06 05:48:03,655 P111301 INFO Epoch 16/100, training loss: 0.33204 [22.88s]
2024-09-06 05:48:26,143 P111301 INFO Epoch 17/100, training loss: 0.34063 [22.49s]
2024-09-06 05:48:49,077 P111301 INFO Epoch 18/100, training loss: 0.33509 [22.93s]
2024-09-06 05:49:10,775 P111301 INFO Epoch 19/100, training loss: 0.32308 [21.70s]
2024-09-06 06:20:50,628 P111301 INFO Test -- loss: 0.4171, F1: 0.7459, Rec: 0.8994, Pre: 0.6371, Mymetric: 0.5748, Random_Mymetric: 0.3387
2024-09-06 06:21:10,027 P111301 INFO Epoch 20/100, training loss: 0.32530 [19.39s]
2024-09-06 06:21:29,418 P111301 INFO Epoch 21/100, training loss: 0.32027 [19.39s]
2024-09-06 06:21:48,895 P111301 INFO Epoch 22/100, training loss: 0.31029 [19.48s]
2024-09-06 06:22:08,294 P111301 INFO Epoch 23/100, training loss: 0.30748 [19.40s]
2024-09-06 06:22:27,740 P111301 INFO Epoch 24/100, training loss: 0.31066 [19.44s]
2024-09-06 06:53:54,765 P111301 INFO Test -- loss: 0.4395, F1: 0.7363, Rec: 0.8893, Pre: 0.6282, Mymetric: 0.5640, Random_Mymetric: 0.3382
2024-09-06 06:54:14,157 P111301 INFO Epoch 25/100, training loss: 0.31195 [19.39s]
2024-09-06 06:54:33,571 P111301 INFO Epoch 26/100, training loss: 0.30432 [19.41s]
2024-09-06 06:54:53,077 P111301 INFO Epoch 27/100, training loss: 0.29833 [19.51s]
2024-09-06 06:55:12,688 P111301 INFO Epoch 28/100, training loss: 0.29359 [19.61s]
2024-09-06 06:55:32,251 P111301 INFO Epoch 29/100, training loss: 0.29441 [19.56s]
2024-09-06 07:29:33,610 P111301 INFO Test -- loss: 0.4924, F1: 0.7101, Rec: 0.9031, Pre: 0.5851, Mymetric: 0.5124, Random_Mymetric: 0.3329
2024-09-06 07:29:53,113 P111301 INFO Epoch 30/100, training loss: 0.28805 [19.50s]
2024-09-06 07:30:12,627 P111301 INFO Epoch 31/100, training loss: 0.28569 [19.51s]
2024-09-06 07:30:32,181 P111301 INFO Epoch 32/100, training loss: 0.29009 [19.55s]
2024-09-06 07:30:51,706 P111301 INFO Epoch 33/100, training loss: 0.27645 [19.52s]
2024-09-06 07:31:11,226 P111301 INFO Epoch 34/100, training loss: 0.28392 [19.52s]
2024-09-06 08:05:43,021 P111301 INFO Test -- loss: 0.4925, F1: 0.7075, Rec: 0.9107, Pre: 0.5784, Mymetric: 0.5445, Random_Mymetric: 0.3384
2024-09-06 08:06:02,542 P111301 INFO Epoch 35/100, training loss: 0.27510 [19.51s]
2024-09-06 08:06:22,037 P111301 INFO Epoch 36/100, training loss: 0.27550 [19.49s]
2024-09-06 08:06:41,518 P111301 INFO Epoch 37/100, training loss: 0.27992 [19.48s]
2024-09-06 08:07:01,111 P111301 INFO Epoch 38/100, training loss: 0.26776 [19.59s]
2024-09-06 08:07:20,599 P111301 INFO Epoch 39/100, training loss: 0.27348 [19.49s]
2024-09-06 08:42:38,927 P111301 INFO Test -- loss: 0.5794, F1: 0.6826, Rec: 0.9160, Pre: 0.5440, Mymetric: 0.5114, Random_Mymetric: 0.3379
2024-09-06 08:42:58,405 P111301 INFO Epoch 40/100, training loss: 0.27393 [19.47s]
2024-09-06 08:43:17,897 P111301 INFO Epoch 41/100, training loss: 0.26265 [19.49s]
2024-09-06 08:43:37,321 P111301 INFO Epoch 42/100, training loss: 0.27371 [19.42s]
2024-09-06 08:43:56,812 P111301 INFO Epoch 43/100, training loss: 0.26238 [19.49s]
2024-09-06 08:44:16,223 P111301 INFO Epoch 44/100, training loss: 0.26132 [19.41s]
2024-09-06 09:17:05,265 P111301 INFO Test -- loss: 0.5562, F1: 0.7051, Rec: 0.8992, Pre: 0.5799, Mymetric: 0.4898, Random_Mymetric: 0.3401
2024-09-06 09:17:24,695 P111301 INFO Epoch 45/100, training loss: 0.25783 [19.42s]
2024-09-06 09:17:44,134 P111301 INFO Epoch 46/100, training loss: 0.26064 [19.44s]
2024-09-06 09:18:03,585 P111301 INFO Epoch 47/100, training loss: 0.25442 [19.45s]
2024-09-06 09:18:23,106 P111301 INFO Epoch 48/100, training loss: 0.25333 [19.52s]
2024-09-06 09:18:42,579 P111301 INFO Epoch 49/100, training loss: 0.25148 [19.47s]
2024-09-06 09:55:04,994 P111301 INFO Test -- loss: 0.5818, F1: 0.6797, Rec: 0.9266, Pre: 0.5367, Mymetric: 0.4739, Random_Mymetric: 0.3362
2024-09-06 09:55:24,461 P111301 INFO Epoch 50/100, training loss: 0.24549 [19.46s]
2024-09-06 09:55:43,931 P111301 INFO Epoch 51/100, training loss: 0.24245 [19.47s]
2024-09-06 09:56:03,407 P111301 INFO Epoch 52/100, training loss: 0.24617 [19.48s]
2024-09-06 09:56:22,893 P111301 INFO Epoch 53/100, training loss: 0.25232 [19.49s]
2024-09-06 09:56:42,442 P111301 INFO Epoch 54/100, training loss: 0.24236 [19.55s]
2024-09-06 10:30:44,540 P111301 INFO Test -- loss: 0.6760, F1: 0.6722, Rec: 0.8912, Pre: 0.5396, Mymetric: 0.4831, Random_Mymetric: 0.3403
2024-09-06 10:31:03,935 P111301 INFO Epoch 55/100, training loss: 0.24256 [19.39s]
2024-09-06 10:31:23,337 P111301 INFO Epoch 56/100, training loss: 0.24820 [19.40s]
2024-09-06 10:31:42,850 P111301 INFO Epoch 57/100, training loss: 0.24396 [19.51s]
2024-09-06 10:32:02,335 P111301 INFO Epoch 58/100, training loss: 0.24403 [19.48s]
2024-09-06 10:32:21,757 P111301 INFO Epoch 59/100, training loss: 0.24026 [19.42s]
2024-09-06 11:07:50,724 P111301 INFO Test -- loss: 0.7178, F1: 0.6666, Rec: 0.9194, Pre: 0.5228, Mymetric: 0.4927, Random_Mymetric: 0.3407
2024-09-06 11:08:10,136 P111301 INFO Epoch 60/100, training loss: 0.23705 [19.41s]
2024-09-06 11:08:29,542 P111301 INFO Epoch 61/100, training loss: 0.23515 [19.40s]
2024-09-06 11:08:49,138 P111301 INFO Epoch 62/100, training loss: 0.23597 [19.60s]
2024-09-06 11:09:08,664 P111301 INFO Epoch 63/100, training loss: 0.23424 [19.53s]
2024-09-06 11:09:28,126 P111301 INFO Epoch 64/100, training loss: 0.23774 [19.46s]
2024-09-06 11:45:10,460 P111301 INFO Test -- loss: 0.7415, F1: 0.6656, Rec: 0.9188, Pre: 0.5218, Mymetric: 0.4785, Random_Mymetric: 0.3369
2024-09-06 11:45:29,912 P111301 INFO Epoch 65/100, training loss: 0.22768 [19.45s]
2024-09-06 11:45:49,377 P111301 INFO Epoch 66/100, training loss: 0.23330 [19.46s]
2024-09-06 11:46:08,875 P111301 INFO Epoch 67/100, training loss: 0.22862 [19.50s]
2024-09-06 11:46:28,408 P111301 INFO Epoch 68/100, training loss: 0.22400 [19.53s]
2024-09-06 11:46:47,883 P111301 INFO Epoch 69/100, training loss: 0.22708 [19.47s]
2024-09-06 12:20:57,272 P111301 INFO Test -- loss: 0.8012, F1: 0.6549, Rec: 0.8702, Pre: 0.5250, Mymetric: 0.4326, Random_Mymetric: 0.3474
2024-09-06 12:21:16,661 P111301 INFO Epoch 70/100, training loss: 0.22329 [19.38s]
2024-09-06 12:21:36,063 P111301 INFO Epoch 71/100, training loss: 0.23280 [19.40s]
2024-09-06 12:21:55,571 P111301 INFO Epoch 72/100, training loss: 0.22817 [19.51s]
2024-09-06 12:22:15,071 P111301 INFO Epoch 73/100, training loss: 0.22001 [19.50s]
2024-09-06 12:22:34,596 P111301 INFO Epoch 74/100, training loss: 0.22506 [19.52s]
2024-09-06 12:56:37,269 P111301 INFO Test -- loss: 0.8013, F1: 0.6451, Rec: 0.8504, Pre: 0.5196, Mymetric: 0.4407, Random_Mymetric: 0.3510
2024-09-06 12:56:56,745 P111301 INFO Epoch 75/100, training loss: 0.21723 [19.47s]
2024-09-06 12:57:16,158 P111301 INFO Epoch 76/100, training loss: 0.21733 [19.41s]
2024-09-06 12:57:35,595 P111301 INFO Epoch 77/100, training loss: 0.22499 [19.44s]
2024-09-06 12:57:55,053 P111301 INFO Epoch 78/100, training loss: 0.22147 [19.46s]
2024-09-06 12:58:14,473 P111301 INFO Epoch 79/100, training loss: 0.22156 [19.42s]
2024-09-06 13:32:31,667 P111301 INFO Test -- loss: 0.7534, F1: 0.6409, Rec: 0.8530, Pre: 0.5133, Mymetric: 0.4762, Random_Mymetric: 0.3482
2024-09-06 13:32:51,078 P111301 INFO Epoch 80/100, training loss: 0.20899 [19.41s]
2024-09-06 13:33:10,538 P111301 INFO Epoch 81/100, training loss: 0.20917 [19.46s]
2024-09-06 13:33:30,003 P111301 INFO Epoch 82/100, training loss: 0.22016 [19.46s]
2024-09-06 13:33:49,477 P111301 INFO Epoch 83/100, training loss: 0.21277 [19.47s]
2024-09-06 13:34:09,076 P111301 INFO Epoch 84/100, training loss: 0.21205 [19.60s]
2024-09-06 14:08:41,231 P111301 INFO Test -- loss: 0.7984, F1: 0.6427, Rec: 0.8282, Pre: 0.5252, Mymetric: 0.4580, Random_Mymetric: 0.3508
2024-09-06 14:09:00,743 P111301 INFO Epoch 85/100, training loss: 0.21150 [19.51s]
2024-09-06 14:09:20,248 P111301 INFO Epoch 86/100, training loss: 0.21380 [19.50s]
2024-09-06 14:09:39,691 P111301 INFO Epoch 87/100, training loss: 0.20824 [19.44s]
2024-09-06 14:09:59,288 P111301 INFO Epoch 88/100, training loss: 0.21132 [19.60s]
2024-09-06 14:10:18,851 P111301 INFO Epoch 89/100, training loss: 0.20758 [19.56s]
2024-09-06 14:46:16,647 P111301 INFO Test -- loss: 0.9130, F1: 0.6349, Rec: 0.8555, Pre: 0.5047, Mymetric: 0.4522, Random_Mymetric: 0.3557
2024-09-06 14:46:36,066 P111301 INFO Epoch 90/100, training loss: 0.21234 [19.41s]
2024-09-06 14:46:55,574 P111301 INFO Epoch 91/100, training loss: 0.21171 [19.51s]
2024-09-06 14:47:15,066 P111301 INFO Epoch 92/100, training loss: 0.20847 [19.49s]
2024-09-06 14:47:34,603 P111301 INFO Epoch 93/100, training loss: 0.20682 [19.54s]
2024-09-06 14:47:54,181 P111301 INFO Epoch 94/100, training loss: 0.20774 [19.58s]
2024-09-06 15:22:22,872 P111301 INFO Test -- loss: 0.9192, F1: 0.6403, Rec: 0.8384, Pre: 0.5179, Mymetric: 0.4316, Random_Mymetric: 0.3526
2024-09-06 15:22:42,315 P111301 INFO Epoch 95/100, training loss: 0.20443 [19.44s]
2024-09-06 15:23:01,840 P111301 INFO Epoch 96/100, training loss: 0.21310 [19.52s]
2024-09-06 15:23:21,314 P111301 INFO Epoch 97/100, training loss: 0.20273 [19.47s]
2024-09-06 15:23:40,782 P111301 INFO Epoch 98/100, training loss: 0.19839 [19.47s]
2024-09-06 15:24:00,334 P111301 INFO Epoch 99/100, training loss: 0.20827 [19.55s]
2024-09-06 15:58:32,212 P111301 INFO Test -- loss: 0.9827, F1: 0.6339, Rec: 0.8205, Pre: 0.5165, Mymetric: 0.4304, Random_Mymetric: 0.3539
2024-09-06 15:58:51,720 P111301 INFO Epoch 100/100, training loss: 0.20644 [19.50s]
2024-09-06 15:58:51,720 P111301 INFO * Best result got at epoch 9 with Mymetric: 0.6123
2024-09-06 15:58:51,721 P111301 INFO Current hash_id c9e90ced
