2024-09-02 07:31:37,353 P2187462 INFO Data loaded successfully!
2024-09-02 07:31:37,355 P2187462 INFO Using CPU...
2024-09-02 08:03:45,850 P2187462 INFO Epoch 1/20, training loss: 0.57193 [1927.95s]
2024-09-02 08:09:46,980 P2187462 INFO Test -- loss: 0.6439, F1: 0.6314, Rec: 0.5178, Pre: 0.8090, Mymetric: 0.4355
2024-09-02 08:50:04,496 P2187462 INFO Epoch 2/20, training loss: 0.39425 [2417.51s]
2024-09-02 08:55:09,601 P2187462 INFO Test -- loss: 0.6732, F1: 0.5740, Rec: 0.4289, Pre: 0.8674, Mymetric: 0.4296
2024-09-02 09:37:15,235 P2187462 INFO Epoch 3/20, training loss: 0.36123 [2525.63s]
2024-09-02 09:51:59,842 P2187462 INFO Test -- loss: 1.2071, F1: 0.6117, Rec: 0.9933, Pre: 0.4419, Mymetric: 0.4760
2024-09-02 10:34:55,344 P2187462 INFO Epoch 4/20, training loss: 0.34541 [2575.49s]
2024-09-02 10:42:36,711 P2187462 INFO Test -- loss: 0.6006, F1: 0.8261, Rec: 0.8156, Pre: 0.8369, Mymetric: 0.5280
2024-09-02 11:25:46,072 P2187462 INFO Epoch 5/20, training loss: 0.34714 [2589.35s]
2024-09-02 11:36:46,129 P2187462 INFO Test -- loss: 2.4403, F1: 0.6765, Rec: 0.8667, Pre: 0.5548, Mymetric: 0.4498
2024-09-02 12:21:08,209 P2187462 INFO Epoch 6/20, training loss: 0.33136 [2662.08s]
2024-09-02 12:26:30,688 P2187462 INFO Test -- loss: 102.1981, F1: 0.6141, Rec: 0.4756, Pre: 0.8664, Mymetric: 0.4303
2024-09-02 13:08:38,038 P2187462 INFO Epoch 7/20, training loss: 0.31898 [2527.35s]
2024-09-02 13:14:13,499 P2187462 INFO Test -- loss: 4.4990, F1: 0.6104, Rec: 0.4778, Pre: 0.8448, Mymetric: 0.4594
2024-09-02 13:57:16,029 P2187462 INFO Epoch 8/20, training loss: 0.34280 [2582.53s]
2024-09-02 14:05:28,447 P2187462 INFO Test -- loss: 3.1057, F1: 0.6353, Rec: 0.6522, Pre: 0.6192, Mymetric: 0.4639
2024-09-02 14:47:55,007 P2187462 INFO Epoch 9/20, training loss: 0.31600 [2546.56s]
2024-09-02 14:55:28,858 P2187462 INFO Test -- loss: 124.5986, F1: 0.5660, Rec: 0.5478, Pre: 0.5855, Mymetric: 0.4415
2024-09-02 15:38:19,850 P2187462 INFO Epoch 10/20, training loss: 0.30223 [2570.99s]
2024-09-02 15:46:04,264 P2187462 INFO Test -- loss: 0.6500, F1: 0.8308, Rec: 0.8156, Pre: 0.8466, Mymetric: 0.5264
2024-09-02 16:29:05,296 P2187462 INFO Epoch 11/20, training loss: 0.31348 [2581.03s]
2024-09-02 16:35:41,379 P2187462 INFO Test -- loss: 3.4201, F1: 0.7413, Rec: 0.6544, Pre: 0.8549, Mymetric: 0.4902
2024-09-02 17:18:23,824 P2187462 INFO Epoch 12/20, training loss: 0.29751 [2562.44s]
2024-09-02 17:26:09,801 P2187462 INFO Test -- loss: 1.0947, F1: 0.7872, Rec: 0.7789, Pre: 0.7957, Mymetric: 0.5182
2024-09-02 18:08:20,405 P2187462 INFO Epoch 13/20, training loss: 0.30894 [2530.60s]
2024-09-02 18:17:40,122 P2187462 INFO Test -- loss: 0.5101, F1: 0.8174, Rec: 0.9200, Pre: 0.7353, Mymetric: 0.5034
2024-09-02 18:59:34,439 P2187462 INFO Epoch 14/20, training loss: 0.28914 [2514.31s]
2024-09-02 19:07:29,594 P2187462 INFO Test -- loss: 0.6196, F1: 0.5440, Rec: 0.5500, Pre: 0.5380, Mymetric: 0.4190
2024-09-02 19:50:35,191 P2187462 INFO Epoch 15/20, training loss: 0.28772 [2585.59s]
2024-09-02 19:58:48,990 P2187462 INFO Test -- loss: 0.4654, F1: 0.8430, Rec: 0.8622, Pre: 0.8247, Mymetric: 0.4996
2024-09-02 20:40:04,007 P2187462 INFO Epoch 16/20, training loss: 0.28300 [2475.01s]
2024-09-02 20:48:20,866 P2187462 INFO Test -- loss: 0.6579, F1: 0.6866, Rec: 0.7000, Pre: 0.6738, Mymetric: 0.4523
2024-09-02 21:30:38,685 P2187462 INFO Epoch 17/20, training loss: 0.30941 [2537.81s]
2024-09-02 21:38:42,985 P2187462 INFO Test -- loss: 20.7815, F1: 0.5501, Rec: 0.5578, Pre: 0.5427, Mymetric: 0.4370
2024-09-02 22:20:58,454 P2187462 INFO Epoch 18/20, training loss: 0.30028 [2535.46s]
2024-09-02 22:27:48,467 P2187462 INFO Test -- loss: 5.6878, F1: 0.6231, Rec: 0.5667, Pre: 0.6920, Mymetric: 0.4392
2024-09-02 23:09:17,527 P2187462 INFO Epoch 19/20, training loss: 0.29086 [2489.06s]
2024-09-02 23:16:47,419 P2187462 INFO Test -- loss: 0.8636, F1: 0.6839, Rec: 0.6611, Pre: 0.7083, Mymetric: 0.4786
2024-09-02 23:58:10,288 P2187462 INFO Epoch 20/20, training loss: 0.28271 [2482.87s]
2024-09-03 00:05:38,725 P2187462 INFO Test -- loss: 1.0109, F1: 0.8046, Rec: 0.7778, Pre: 0.8333, Mymetric: 0.4782
2024-09-03 00:05:38,729 P2187462 INFO Unable to convergence!
2024-09-03 00:05:38,729 P2187462 INFO Current hash_id 5fe69b2d
